<?xml version="1.0" encoding="UTF-8" ?>
<testsuites>
  <testsuite errors="0" failures="0" hostname="MAL1000018.local" id="0" name="ResourceCodeExistsTest" package="com.sungardhe.banner.codenarc.rule" tests="4" time="0.151" timestamp="2010-12-07T18:35:49">
      <properties />

      <testcase classname="com.sungardhe.banner.codenarc.rule.ResourceCodeExistsTest" name="testSuccessScenario" time="0.099" />

      <testcase classname="com.sungardhe.banner.codenarc.rule.ResourceCodeExistsTest" name="testFailedScenario" time="0.018" />

      <testcase classname="com.sungardhe.banner.codenarc.rule.ResourceCodeExistsTest" name="testApplyTo_CompilerError" time="0.0010" />

      <testcase classname="com.sungardhe.banner.codenarc.rule.ResourceCodeExistsTest" name="testThatUnrelatedCodeHasNoViolations" time="0.0080" />

      <system-out><![CDATA[--Output from testSuccessScenario--
-------------------------[ ResourceCodeExistsTest.null ]------------------------
[ResourceCodeExistsTest] violations=[]
--Output from testFailedScenario--
-------------------------[ ResourceCodeExistsTest.null ]------------------------
[ResourceCodeExistsTest] violations=[Violation[rule=ResourceCodeExists[name=ResourceCodeExists, priority=2], lineNumber=0, sourceLine=@@r1:myResourseCode@@, message=The resourceCode 'myResourseCode' was not found in the resource files.]]
--Output from testApplyTo_CompilerError--
-------------------------[ ResourceCodeExistsTest.null ]------------------------
[ResourceCodeExistsTest] violations=[]
--Output from testThatUnrelatedCodeHasNoViolations--
-------------------------[ ResourceCodeExistsTest.null ]------------------------
[ResourceCodeExistsTest] violations=[]
]]></system-out>

      <system-err><![CDATA[--Output from testSuccessScenario--
--Output from testFailedScenario--
--Output from testApplyTo_CompilerError--
--Output from testThatUnrelatedCodeHasNoViolations--
]]></system-err>

  </testsuite>
</testsuites>
